<?xml version="1.0" encoding="UTF-8"?>
<!-- Generated by org.testng.reporters.JUnitXMLReporter -->
<testsuite ignored="0" hostname="LAPTOP-9MKQQPJI" failures="1" tests="19" name="Surefire test" time="253.142" errors="0" timestamp="2024-12-27T20:01:49 IST">
  <testcase classname="com.pta.qa.testcases.BlogPageTest" name="blogPageTitleTest" time="0.097"/>
  <testcase classname="com.pta.qa.testcases.BlogPageTest" name="blogLinkTest" time="0.439"/>
  <testcase classname="com.pta.qa.testcases.ContactPageTest" name="contactPageTitleTest" time="0.152"/>
  <testcase classname="com.pta.qa.testcases.ContactPageTest" name="contactPageTitleTestFailed" time="0.13">
    <failure type="java.lang.AssertionError" message="Contact page title not matched expected [Contact | Practice Test Automation | Selenium WebDriver1] but found [Contact | Practice Test Automation | Selenium WebDriver]">
      <![CDATA[java.lang.AssertionError: Contact page title not matched expected [Contact | Practice Test Automation | Selenium WebDriver1] but found [Contact | Practice Test Automation | Selenium WebDriver]
at com.pta.qa.testcases.ContactPageTest.contactPageTitleTestFailed(ContactPageTest.java:74)
at java.base/java.util.ArrayList.forEach(ArrayList.java:1596)
... Removed 35 stack frames]]>
    </failure>
  </testcase> <!-- contactPageTitleTestFailed -->
  <testcase classname="com.pta.qa.testcases.ContactPageTest" name="contactLinkTest" time="0.26"/>
  <testcase classname="com.pta.qa.testcases.ContactPageTest" name="fillContactFormTest" time="7.316"/>
  <testcase classname="com.pta.qa.testcases.ContactPageTest" name="fillContactFormTest" time="2.899"/>
  <testcase classname="com.pta.qa.testcases.ContactPageTest" name="fillContactFormTest" time="3.892"/>
  <testcase classname="com.pta.qa.testcases.CoursesPageTest" name="courcesPageTitleTest" time="0.019"/>
  <testcase classname="com.pta.qa.testcases.CoursesPageTest" name="coursesLinkTest" time="0.714"/>
  <testcase classname="com.pta.qa.testcases.HomePageTest" name="homePageTitleTest" time="0.082"/>
  <testcase classname="com.pta.qa.testcases.HomePageTest" name="loggedInSuccessfullyTest" time="0.151"/>
  <testcase classname="com.pta.qa.testcases.HomePageTest" name="logoutTest" time="0.551"/>
  <testcase classname="com.pta.qa.testcases.HomePageTest" name="contactLinkTest" time="4.42"/>
  <testcase classname="com.pta.qa.testcases.LoginPageTest" name="loginPageTitleTest" time="0.164"/>
  <testcase classname="com.pta.qa.testcases.LoginPageTest" name="practiceTestAutomationImageTest" time="0.294"/>
  <testcase classname="com.pta.qa.testcases.LoginPageTest" name="loginTest" time="2.049"/>
  <testcase classname="com.pta.qa.testcases.PracticePageTest" name="practicePageTitleTest" time="0.065"/>
  <testcase classname="com.pta.qa.testcases.PracticePageTest" name="practiceLinkTest" time="0.555"/>
</testsuite> <!-- Surefire test -->
