<html>
<head>
<title>TestNG:  Surefire test</title>
<link href="../testng.css" rel="stylesheet" type="text/css" />
<link href="../my-testng.css" rel="stylesheet" type="text/css" />

<style type="text/css">
.log { display: none;} 
.stack-trace { display: none;} 
</style>
<script type="text/javascript">
<!--
function flip(e) {
  current = e.style.display;
  if (current == 'block') {
    e.style.display = 'none';
    return 0;
  }
  else {
    e.style.display = 'block';
    return 1;
  }
}

function toggleBox(szDivId, elem, msg1, msg2)
{
  var res = -1;  if (document.getElementById) {
    res = flip(document.getElementById(szDivId));
  }
  else if (document.all) {
    // this is the way old msie versions work
    res = flip(document.all[szDivId]);
  }
  if(elem) {
    if(res == 0) elem.innerHTML = msg1; else elem.innerHTML = msg2;
  }

}

function toggleAllBoxes() {
  if (document.getElementsByTagName) {
    d = document.getElementsByTagName('div');
    for (i = 0; i < d.length; i++) {
      if (d[i].className == 'log') {
        flip(d[i]);
      }
    }
  }
}

// -->
</script>

</head>
<body>
<h2 align='center'>Surefire test</h2><table border='1' align="center">
<tr>
<td>Tests passed/Failed/Skipped:</td><td>20/1/0</td>
</tr><tr>
<td>Started on:</td><td>Thu Jan 02 19:15:02 IST 2025</td>
</tr>
<tr><td>Total time:</td><td>160 seconds (160241 ms)</td>
</tr><tr>
<td>Included groups:</td><td></td>
</tr><tr>
<td>Excluded groups:</td><td></td>
</tr>
</table><p/>
<small><i>(Hover the method name to see the test class name)</i></small><p/>
<table width='100%' border='1' class='invocation-failed'>
<tr><td colspan='4' align='center'><b>FAILED TESTS</b></td></tr>
<tr><td><b>Test method</b></td>
<td><b>Attribute(s)</b></td>
<td width="30%"><b>Exception</b></td>
<td width="10%"><b>Time (seconds)</b></td>
<td><b>Instance</b></td>
</tr>
<tr>
<td title='com.pta.qa.testcases.ContactPageTest.contactPageTitleTestFailed()'><b>contactPageTitleTestFailed</b><br>Test class: com.pta.qa.testcases.ContactPageTest</td>
<td><div><pre>java.lang.AssertionError: Contact page title not matched expected [Contact | Practice Test Automation | Selenium WebDriver1] but found [Contact | Practice Test Automation | Selenium WebDriver]
	at com.pta.qa.testcases.ContactPageTest.contactPageTitleTestFailed(ContactPageTest.java:75)
	at java.base/java.util.ArrayList.forEach(ArrayList.java:1596)
... Removed 35 stack frames</pre></div><a href='#' onClick='toggleBox("stack-trace1457499015", this, "Click to show all stack frames", "Click to hide stack frames")'>Click to show all stack frames</a>
<div class='stack-trace' id='stack-trace1457499015'><pre>java.lang.AssertionError: Contact page title not matched expected [Contact | Practice Test Automation | Selenium WebDriver1] but found [Contact | Practice Test Automation | Selenium WebDriver]
	at org.testng.Assert.fail(Assert.java:111)
	at org.testng.Assert.failNotEquals(Assert.java:1578)
	at org.testng.Assert.assertEqualsImpl(Assert.java:150)
	at org.testng.Assert.assertEquals(Assert.java:132)
	at org.testng.Assert.assertEquals(Assert.java:656)
	at com.pta.qa.testcases.ContactPageTest.contactPageTitleTestFailed(ContactPageTest.java:75)
	at java.base/jdk.internal.reflect.DirectMethodHandleAccessor.invoke(DirectMethodHandleAccessor.java:103)
	at java.base/java.lang.reflect.Method.invoke(Method.java:580)
	at org.testng.internal.invokers.MethodInvocationHelper.invokeMethod(MethodInvocationHelper.java:141)
	at org.testng.internal.invokers.TestInvoker.invokeMethod(TestInvoker.java:686)
	at org.testng.internal.invokers.TestInvoker.invokeTestMethod(TestInvoker.java:230)
	at org.testng.internal.invokers.MethodRunner.runInSequence(MethodRunner.java:63)
	at org.testng.internal.invokers.TestInvoker$MethodInvocationAgent.invoke(TestInvoker.java:992)
	at org.testng.internal.invokers.TestInvoker.invokeTestMethods(TestInvoker.java:203)
	at org.testng.internal.invokers.TestMethodWorker.invokeTestMethods(TestMethodWorker.java:154)
	at org.testng.internal.invokers.TestMethodWorker.run(TestMethodWorker.java:134)
	at java.base/java.util.ArrayList.forEach(ArrayList.java:1596)
	at org.testng.TestRunner.privateRun(TestRunner.java:739)
	at org.testng.TestRunner.run(TestRunner.java:614)
	at org.testng.SuiteRunner.runTest(SuiteRunner.java:421)
	at org.testng.SuiteRunner.runSequentially(SuiteRunner.java:413)
	at org.testng.SuiteRunner.privateRun(SuiteRunner.java:373)
	at org.testng.SuiteRunner.run(SuiteRunner.java:312)
	at org.testng.SuiteRunnerWorker.runSuite(SuiteRunnerWorker.java:52)
	at org.testng.SuiteRunnerWorker.run(SuiteRunnerWorker.java:95)
	at org.testng.TestNG.runSuitesSequentially(TestNG.java:1274)
	at org.testng.TestNG.runSuitesLocally(TestNG.java:1208)
	at org.testng.TestNG.runSuites(TestNG.java:1112)
	at org.testng.TestNG.run(TestNG.java:1079)
	at org.apache.maven.surefire.testng.TestNGExecutor.run(TestNGExecutor.java:155)
	at org.apache.maven.surefire.testng.TestNGDirectoryTestSuite.executeMulti(TestNGDirectoryTestSuite.java:169)
	at org.apache.maven.surefire.testng.TestNGDirectoryTestSuite.execute(TestNGDirectoryTestSuite.java:88)
	at org.apache.maven.surefire.testng.TestNGProvider.invoke(TestNGProvider.java:137)
	at org.apache.maven.surefire.booter.ForkedBooter.runSuitesInProcess(ForkedBooter.java:385)
	at org.apache.maven.surefire.booter.ForkedBooter.execute(ForkedBooter.java:162)
	at org.apache.maven.surefire.booter.ForkedBooter.run(ForkedBooter.java:507)
	at org.apache.maven.surefire.booter.ForkedBooter.main(ForkedBooter.java:495)
</pre></div></td>
<td>0</td>
<td>com.pta.qa.testcases.ContactPageTest@2362f559</td></tr>
</table><p>
<table width='100%' border='1' class='invocation-passed'>
<tr><td colspan='4' align='center'><b>PASSED TESTS</b></td></tr>
<tr><td><b>Test method</b></td>
<td><b>Attribute(s)</b></td>
<td width="30%"><b>Exception</b></td>
<td width="10%"><b>Time (seconds)</b></td>
<td><b>Instance</b></td>
</tr>
<tr>
<td title='com.pta.qa.testcases.ContactPageTest.fillContactFormTest()'><b>fillContactFormTest</b><br>Test class: com.pta.qa.testcases.ContactPageTest<br>Parameters: Test1, Test1, test1@test.com, Testing</td>
<td></td>
<td>3</td>
<td>com.pta.qa.testcases.ContactPageTest@2362f559</td></tr>
<tr>
<td title='com.pta.qa.testcases.HomePageTest.homePageTitleTest()'><b>homePageTitleTest</b><br>Test class: com.pta.qa.testcases.HomePageTest</td>
<td></td>
<td>0</td>
<td>com.pta.qa.testcases.HomePageTest@4c178a76</td></tr>
<tr>
<td title='com.pta.qa.testcases.LoginPageTest.loginTest()'><b>loginTest</b><br>Test class: com.pta.qa.testcases.LoginPageTest</td>
<td></td>
<td>1</td>
<td>com.pta.qa.testcases.LoginPageTest@fa4c865</td></tr>
<tr>
<td title='com.pta.qa.testcases.HomePageTest.contactLinkTest()'><b>contactLinkTest</b><br>Test class: com.pta.qa.testcases.HomePageTest</td>
<td></td>
<td>3</td>
<td>com.pta.qa.testcases.HomePageTest@4c178a76</td></tr>
<tr>
<td title='com.pta.qa.testcases.LoginPageTest.practiceTestAutomationImageTest()'><b>practiceTestAutomationImageTest</b><br>Test class: com.pta.qa.testcases.LoginPageTest</td>
<td></td>
<td>0</td>
<td>com.pta.qa.testcases.LoginPageTest@fa4c865</td></tr>
<tr>
<td title='com.pta.qa.testcases.HomePageTest.logoutTest()'><b>logoutTest</b><br>Test class: com.pta.qa.testcases.HomePageTest</td>
<td></td>
<td>0</td>
<td>com.pta.qa.testcases.HomePageTest@4c178a76</td></tr>
<tr>
<td title='com.pta.qa.testcases.ContactPageTest.fillContactFormTest()'><b>fillContactFormTest</b><br>Test class: com.pta.qa.testcases.ContactPageTest<br>Parameters: Test2, Test2, test2@test.com, Testing</td>
<td></td>
<td>1</td>
<td>com.pta.qa.testcases.ContactPageTest@2362f559</td></tr>
<tr>
<td title='com.pta.qa.testcases.ContactPageTest.fillContactFormTest()'><b>fillContactFormTest</b><br>Test class: com.pta.qa.testcases.ContactPageTest<br>Parameters: Test3, Test3, test3@test.com, Testing</td>
<td></td>
<td>1</td>
<td>com.pta.qa.testcases.ContactPageTest@2362f559</td></tr>
<tr>
<td title='com.pta.qa.testcases.CoursesPageTest.courcesPageTitleTest()'><b>courcesPageTitleTest</b><br>Test class: com.pta.qa.testcases.CoursesPageTest</td>
<td></td>
<td>0</td>
<td>com.pta.qa.testcases.CoursesPageTest@b2c9a9c</td></tr>
<tr>
<td title='com.pta.qa.testcases.ContactPageTest.contactLinkTest()'><b>contactLinkTest</b><br>Test class: com.pta.qa.testcases.ContactPageTest</td>
<td></td>
<td>0</td>
<td>com.pta.qa.testcases.ContactPageTest@2362f559</td></tr>
<tr>
<td title='com.pta.qa.testcases.HomePageTest.loggedInSuccessfullyTest()'><b>loggedInSuccessfullyTest</b><br>Test class: com.pta.qa.testcases.HomePageTest</td>
<td></td>
<td>0</td>
<td>com.pta.qa.testcases.HomePageTest@4c178a76</td></tr>
<tr>
<td title='com.pta.qa.testcases.BlogPageTest.blogPageTitleTest()'><b>blogPageTitleTest</b><br>Test class: com.pta.qa.testcases.BlogPageTest</td>
<td></td>
<td>0</td>
<td>com.pta.qa.testcases.BlogPageTest@1f2586d6</td></tr>
<tr>
<td title='com.pta.qa.testcases.LoginPageTest.loginPageTitleTest()'><b>loginPageTitleTest</b><br>Test class: com.pta.qa.testcases.LoginPageTest</td>
<td></td>
<td>0</td>
<td>com.pta.qa.testcases.LoginPageTest@fa4c865</td></tr>
<tr>
<td title='com.qa.api.testcases.TestExamples.test_1()'><b>test_1</b><br>Test class: com.qa.api.testcases.TestExamples</td>
<td></td>
<td>2</td>
<td>com.qa.api.testcases.TestExamples@544fa968</td></tr>
<tr>
<td title='com.pta.qa.testcases.ContactPageTest.contactPageTitleTest()'><b>contactPageTitleTest</b><br>Test class: com.pta.qa.testcases.ContactPageTest</td>
<td></td>
<td>0</td>
<td>com.pta.qa.testcases.ContactPageTest@2362f559</td></tr>
<tr>
<td title='com.pta.qa.testcases.PracticePageTest.practicePageTitleTest()'><b>practicePageTitleTest</b><br>Test class: com.pta.qa.testcases.PracticePageTest</td>
<td></td>
<td>0</td>
<td>com.pta.qa.testcases.PracticePageTest@3bd82cf5</td></tr>
<tr>
<td title='com.pta.qa.testcases.CoursesPageTest.coursesLinkTest()'><b>coursesLinkTest</b><br>Test class: com.pta.qa.testcases.CoursesPageTest</td>
<td></td>
<td>0</td>
<td>com.pta.qa.testcases.CoursesPageTest@b2c9a9c</td></tr>
<tr>
<td title='com.pta.qa.testcases.BlogPageTest.blogLinkTest()'><b>blogLinkTest</b><br>Test class: com.pta.qa.testcases.BlogPageTest</td>
<td></td>
<td>0</td>
<td>com.pta.qa.testcases.BlogPageTest@1f2586d6</td></tr>
<tr>
<td title='com.pta.qa.testcases.PracticePageTest.practiceLinkTest()'><b>practiceLinkTest</b><br>Test class: com.pta.qa.testcases.PracticePageTest</td>
<td></td>
<td>0</td>
<td>com.pta.qa.testcases.PracticePageTest@3bd82cf5</td></tr>
<tr>
<td title='com.qa.api.testcases.TestExamples.test_2()'><b>test_2</b><br>Test class: com.qa.api.testcases.TestExamples</td>
<td></td>
<td>1</td>
<td>com.qa.api.testcases.TestExamples@544fa968</td></tr>
</table><p>
</body>
</html>