<?xml version="1.0" encoding="UTF-8"?>
<testng-results ignored="0" total="21" passed="20" failed="1" skipped="0">
  <reporter-output>
  </reporter-output>
  <suite started-at="2025-01-02T19:15:02 IST" name="Surefire suite" finished-at="2025-01-02T19:17:42 IST" duration-ms="160241">
    <groups>
    </groups>
    <test started-at="2025-01-02T19:15:02 IST" name="Surefire test" finished-at="2025-01-02T19:17:42 IST" duration-ms="160241">
      <class name="com.pta.qa.testcases.LoginPageTest">
        <test-method is-config="true" signature="setup()[pri:0, instance:com.pta.qa.testcases.LoginPageTest@fa4c865]" started-at="2025-01-02T19:17:15 IST" name="setup" finished-at="2025-01-02T19:17:18 IST" duration-ms="2998" status="PASS">
          <reporter-output>
          </reporter-output>
        </test-method> <!-- setup -->
        <test-method signature="loginPageTitleTest()[pri:1, instance:com.pta.qa.testcases.LoginPageTest@fa4c865]" started-at="2025-01-02T19:17:18 IST" name="loginPageTitleTest" finished-at="2025-01-02T19:17:18 IST" duration-ms="26" status="PASS">
          <reporter-output>
          </reporter-output>
        </test-method> <!-- loginPageTitleTest -->
        <test-method is-config="true" signature="teardown()[pri:0, instance:com.pta.qa.testcases.LoginPageTest@fa4c865]" started-at="2025-01-02T19:17:18 IST" name="teardown" finished-at="2025-01-02T19:17:18 IST" duration-ms="122" status="PASS">
          <reporter-output>
          </reporter-output>
        </test-method> <!-- teardown -->
        <test-method is-config="true" signature="setup()[pri:0, instance:com.pta.qa.testcases.LoginPageTest@fa4c865]" started-at="2025-01-02T19:17:18 IST" name="setup" finished-at="2025-01-02T19:17:22 IST" duration-ms="3285" status="PASS">
          <reporter-output>
          </reporter-output>
        </test-method> <!-- setup -->
        <test-method signature="practiceTestAutomationImageTest()[pri:2, instance:com.pta.qa.testcases.LoginPageTest@fa4c865]" started-at="2025-01-02T19:17:22 IST" name="practiceTestAutomationImageTest" finished-at="2025-01-02T19:17:22 IST" duration-ms="168" status="PASS">
          <reporter-output>
          </reporter-output>
        </test-method> <!-- practiceTestAutomationImageTest -->
        <test-method is-config="true" signature="teardown()[pri:0, instance:com.pta.qa.testcases.LoginPageTest@fa4c865]" started-at="2025-01-02T19:17:22 IST" name="teardown" finished-at="2025-01-02T19:17:22 IST" duration-ms="310" status="PASS">
          <reporter-output>
          </reporter-output>
        </test-method> <!-- teardown -->
        <test-method is-config="true" signature="setup()[pri:0, instance:com.pta.qa.testcases.LoginPageTest@fa4c865]" started-at="2025-01-02T19:17:22 IST" name="setup" finished-at="2025-01-02T19:17:25 IST" duration-ms="3215" status="PASS">
          <reporter-output>
          </reporter-output>
        </test-method> <!-- setup -->
        <test-method signature="loginTest()[pri:3, instance:com.pta.qa.testcases.LoginPageTest@fa4c865]" started-at="2025-01-02T19:17:25 IST" name="loginTest" finished-at="2025-01-02T19:17:27 IST" duration-ms="1429" status="PASS">
          <reporter-output>
          </reporter-output>
        </test-method> <!-- loginTest -->
        <test-method is-config="true" signature="teardown()[pri:0, instance:com.pta.qa.testcases.LoginPageTest@fa4c865]" started-at="2025-01-02T19:17:27 IST" name="teardown" finished-at="2025-01-02T19:17:27 IST" duration-ms="115" status="PASS">
          <reporter-output>
          </reporter-output>
        </test-method> <!-- teardown -->
      </class> <!-- com.pta.qa.testcases.LoginPageTest -->
      <class name="com.pta.qa.testcases.BlogPageTest">
        <test-method is-config="true" signature="setup()[pri:0, instance:com.pta.qa.testcases.BlogPageTest@1f2586d6]" started-at="2025-01-02T19:15:02 IST" name="setup" finished-at="2025-01-02T19:15:22 IST" duration-ms="19626" status="PASS">
          <reporter-output>
          </reporter-output>
        </test-method> <!-- setup -->
        <test-method signature="blogPageTitleTest()[pri:1, instance:com.pta.qa.testcases.BlogPageTest@1f2586d6]" started-at="2025-01-02T19:15:22 IST" name="blogPageTitleTest" finished-at="2025-01-02T19:15:22 IST" duration-ms="134" status="PASS">
          <reporter-output>
          </reporter-output>
        </test-method> <!-- blogPageTitleTest -->
        <test-method is-config="true" signature="teardown()[pri:0, instance:com.pta.qa.testcases.BlogPageTest@1f2586d6]" started-at="2025-01-02T19:15:22 IST" name="teardown" finished-at="2025-01-02T19:15:22 IST" duration-ms="240" status="PASS">
          <reporter-output>
          </reporter-output>
        </test-method> <!-- teardown -->
        <test-method is-config="true" signature="setup()[pri:0, instance:com.pta.qa.testcases.BlogPageTest@1f2586d6]" started-at="2025-01-02T19:15:22 IST" name="setup" finished-at="2025-01-02T19:15:30 IST" duration-ms="7185" status="PASS">
          <reporter-output>
          </reporter-output>
        </test-method> <!-- setup -->
        <test-method signature="blogLinkTest()[pri:2, instance:com.pta.qa.testcases.BlogPageTest@1f2586d6]" started-at="2025-01-02T19:15:30 IST" name="blogLinkTest" finished-at="2025-01-02T19:15:30 IST" duration-ms="188" status="PASS">
          <reporter-output>
          </reporter-output>
        </test-method> <!-- blogLinkTest -->
        <test-method is-config="true" signature="teardown()[pri:0, instance:com.pta.qa.testcases.BlogPageTest@1f2586d6]" started-at="2025-01-02T19:15:30 IST" name="teardown" finished-at="2025-01-02T19:15:30 IST" duration-ms="167" status="PASS">
          <reporter-output>
          </reporter-output>
        </test-method> <!-- teardown -->
      </class> <!-- com.pta.qa.testcases.BlogPageTest -->
      <class name="com.qa.api.testcases.TestExamples">
        <test-method signature="test_1()[pri:0, instance:com.qa.api.testcases.TestExamples@544fa968]" started-at="2025-01-02T19:17:38 IST" name="test_1" finished-at="2025-01-02T19:17:41 IST" duration-ms="2610" status="PASS">
          <reporter-output>
          </reporter-output>
        </test-method> <!-- test_1 -->
        <test-method signature="test_2()[pri:0, instance:com.qa.api.testcases.TestExamples@544fa968]" started-at="2025-01-02T19:17:41 IST" name="test_2" finished-at="2025-01-02T19:17:42 IST" duration-ms="1579" status="PASS">
          <reporter-output>
          </reporter-output>
        </test-method> <!-- test_2 -->
      </class> <!-- com.qa.api.testcases.TestExamples -->
      <class name="com.pta.qa.testcases.HomePageTest">
        <test-method is-config="true" signature="setup()[pri:0, instance:com.pta.qa.testcases.HomePageTest@4c178a76]" started-at="2025-01-02T19:16:51 IST" name="setup" finished-at="2025-01-02T19:16:55 IST" duration-ms="4598" status="PASS">
          <reporter-output>
          </reporter-output>
        </test-method> <!-- setup -->
        <test-method signature="homePageTitleTest()[pri:1, instance:com.pta.qa.testcases.HomePageTest@4c178a76]" started-at="2025-01-02T19:16:55 IST" name="homePageTitleTest" finished-at="2025-01-02T19:16:55 IST" duration-ms="60" status="PASS">
          <reporter-output>
          </reporter-output>
        </test-method> <!-- homePageTitleTest -->
        <test-method is-config="true" signature="teardown()[pri:0, instance:com.pta.qa.testcases.HomePageTest@4c178a76]" started-at="2025-01-02T19:16:55 IST" name="teardown" finished-at="2025-01-02T19:16:56 IST" duration-ms="149" status="PASS">
          <reporter-output>
          </reporter-output>
        </test-method> <!-- teardown -->
        <test-method is-config="true" signature="setup()[pri:0, instance:com.pta.qa.testcases.HomePageTest@4c178a76]" started-at="2025-01-02T19:16:56 IST" name="setup" finished-at="2025-01-02T19:17:00 IST" duration-ms="4634" status="PASS">
          <reporter-output>
          </reporter-output>
        </test-method> <!-- setup -->
        <test-method signature="loggedInSuccessfullyTest()[pri:2, instance:com.pta.qa.testcases.HomePageTest@4c178a76]" started-at="2025-01-02T19:17:00 IST" name="loggedInSuccessfullyTest" finished-at="2025-01-02T19:17:01 IST" duration-ms="307" status="PASS">
          <reporter-output>
          </reporter-output>
        </test-method> <!-- loggedInSuccessfullyTest -->
        <test-method is-config="true" signature="teardown()[pri:0, instance:com.pta.qa.testcases.HomePageTest@4c178a76]" started-at="2025-01-02T19:17:01 IST" name="teardown" finished-at="2025-01-02T19:17:01 IST" duration-ms="398" status="PASS">
          <reporter-output>
          </reporter-output>
        </test-method> <!-- teardown -->
        <test-method is-config="true" signature="setup()[pri:0, instance:com.pta.qa.testcases.HomePageTest@4c178a76]" started-at="2025-01-02T19:17:01 IST" name="setup" finished-at="2025-01-02T19:17:06 IST" duration-ms="4847" status="PASS">
          <reporter-output>
          </reporter-output>
        </test-method> <!-- setup -->
        <test-method signature="logoutTest()[pri:3, instance:com.pta.qa.testcases.HomePageTest@4c178a76]" started-at="2025-01-02T19:17:06 IST" name="logoutTest" finished-at="2025-01-02T19:17:06 IST" duration-ms="615" status="PASS">
          <reporter-output>
          </reporter-output>
        </test-method> <!-- logoutTest -->
        <test-method is-config="true" signature="teardown()[pri:0, instance:com.pta.qa.testcases.HomePageTest@4c178a76]" started-at="2025-01-02T19:17:06 IST" name="teardown" finished-at="2025-01-02T19:17:07 IST" duration-ms="188" status="PASS">
          <reporter-output>
          </reporter-output>
        </test-method> <!-- teardown -->
        <test-method is-config="true" signature="setup()[pri:0, instance:com.pta.qa.testcases.HomePageTest@4c178a76]" started-at="2025-01-02T19:17:07 IST" name="setup" finished-at="2025-01-02T19:17:12 IST" duration-ms="5145" status="PASS">
          <reporter-output>
          </reporter-output>
        </test-method> <!-- setup -->
        <test-method signature="contactLinkTest()[pri:4, instance:com.pta.qa.testcases.HomePageTest@4c178a76]" started-at="2025-01-02T19:17:12 IST" name="contactLinkTest" finished-at="2025-01-02T19:17:15 IST" duration-ms="3244" status="PASS">
          <reporter-output>
          </reporter-output>
        </test-method> <!-- contactLinkTest -->
        <test-method is-config="true" signature="teardown()[pri:0, instance:com.pta.qa.testcases.HomePageTest@4c178a76]" started-at="2025-01-02T19:17:15 IST" name="teardown" finished-at="2025-01-02T19:17:15 IST" duration-ms="145" status="PASS">
          <reporter-output>
          </reporter-output>
        </test-method> <!-- teardown -->
      </class> <!-- com.pta.qa.testcases.HomePageTest -->
      <class name="com.pta.qa.testcases.PracticePageTest">
        <test-method is-config="true" signature="setup()[pri:0, instance:com.pta.qa.testcases.PracticePageTest@3bd82cf5]" started-at="2025-01-02T19:17:27 IST" name="setup" finished-at="2025-01-02T19:17:32 IST" duration-ms="4975" status="PASS">
          <reporter-output>
          </reporter-output>
        </test-method> <!-- setup -->
        <test-method signature="practicePageTitleTest()[pri:1, instance:com.pta.qa.testcases.PracticePageTest@3bd82cf5]" started-at="2025-01-02T19:17:32 IST" name="practicePageTitleTest" finished-at="2025-01-02T19:17:32 IST" duration-ms="51" status="PASS">
          <reporter-output>
          </reporter-output>
        </test-method> <!-- practicePageTitleTest -->
        <test-method is-config="true" signature="teardown()[pri:0, instance:com.pta.qa.testcases.PracticePageTest@3bd82cf5]" started-at="2025-01-02T19:17:32 IST" name="teardown" finished-at="2025-01-02T19:17:32 IST" duration-ms="307" status="PASS">
          <reporter-output>
          </reporter-output>
        </test-method> <!-- teardown -->
        <test-method is-config="true" signature="setup()[pri:0, instance:com.pta.qa.testcases.PracticePageTest@3bd82cf5]" started-at="2025-01-02T19:17:32 IST" name="setup" finished-at="2025-01-02T19:17:38 IST" duration-ms="5626" status="PASS">
          <reporter-output>
          </reporter-output>
        </test-method> <!-- setup -->
        <test-method signature="practiceLinkTest()[pri:2, instance:com.pta.qa.testcases.PracticePageTest@3bd82cf5]" started-at="2025-01-02T19:17:38 IST" name="practiceLinkTest" finished-at="2025-01-02T19:17:38 IST" duration-ms="107" status="PASS">
          <reporter-output>
          </reporter-output>
        </test-method> <!-- practiceLinkTest -->
        <test-method is-config="true" signature="teardown()[pri:0, instance:com.pta.qa.testcases.PracticePageTest@3bd82cf5]" started-at="2025-01-02T19:17:38 IST" name="teardown" finished-at="2025-01-02T19:17:38 IST" duration-ms="150" status="PASS">
          <reporter-output>
          </reporter-output>
        </test-method> <!-- teardown -->
      </class> <!-- com.pta.qa.testcases.PracticePageTest -->
      <class name="com.pta.qa.testcases.ContactPageTest">
        <test-method is-config="true" signature="reportSetup()[pri:0, instance:com.pta.qa.testcases.ContactPageTest@2362f559]" started-at="2025-01-02T19:15:01 IST" name="reportSetup" finished-at="2025-01-02T19:15:02 IST" duration-ms="832" status="PASS">
          <reporter-output>
          </reporter-output>
        </test-method> <!-- reportSetup -->
        <test-method is-config="true" signature="setup()[pri:0, instance:com.pta.qa.testcases.ContactPageTest@2362f559]" started-at="2025-01-02T19:15:30 IST" name="setup" finished-at="2025-01-02T19:15:39 IST" duration-ms="8803" status="PASS">
          <reporter-output>
          </reporter-output>
        </test-method> <!-- setup -->
        <test-method signature="contactPageTitleTest()[pri:0, instance:com.pta.qa.testcases.ContactPageTest@2362f559]" started-at="2025-01-02T19:15:39 IST" name="contactPageTitleTest" finished-at="2025-01-02T19:15:39 IST" duration-ms="67" status="PASS">
          <reporter-output>
          </reporter-output>
        </test-method> <!-- contactPageTitleTest -->
        <test-method is-config="true" signature="teardown()[pri:0, instance:com.pta.qa.testcases.ContactPageTest@2362f559]" started-at="2025-01-02T19:15:39 IST" name="teardown" finished-at="2025-01-02T19:15:39 IST" duration-ms="129" status="PASS">
          <reporter-output>
          </reporter-output>
        </test-method> <!-- teardown -->
        <test-method is-config="true" signature="setup()[pri:0, instance:com.pta.qa.testcases.ContactPageTest@2362f559]" started-at="2025-01-02T19:15:39 IST" name="setup" finished-at="2025-01-02T19:15:46 IST" duration-ms="6822" status="PASS">
          <reporter-output>
          </reporter-output>
        </test-method> <!-- setup -->
        <test-method signature="contactPageTitleTestFailed()[pri:0, instance:com.pta.qa.testcases.ContactPageTest@2362f559]" started-at="2025-01-02T19:15:46 IST" name="contactPageTitleTestFailed" finished-at="2025-01-02T19:15:46 IST" duration-ms="58" status="FAIL">
          <exception class="java.lang.AssertionError">
            <message>
              <![CDATA[Contact page title not matched expected [Contact | Practice Test Automation | Selenium WebDriver1] but found [Contact | Practice Test Automation | Selenium WebDriver]]]>
            </message>
            <full-stacktrace>
              <![CDATA[java.lang.AssertionError: Contact page title not matched expected [Contact | Practice Test Automation | Selenium WebDriver1] but found [Contact | Practice Test Automation | Selenium WebDriver]
at org.testng.Assert.fail(Assert.java:111)
at org.testng.Assert.failNotEquals(Assert.java:1578)
at org.testng.Assert.assertEqualsImpl(Assert.java:150)
at org.testng.Assert.assertEquals(Assert.java:132)
at org.testng.Assert.assertEquals(Assert.java:656)
at com.pta.qa.testcases.ContactPageTest.contactPageTitleTestFailed(ContactPageTest.java:75)
at java.base/jdk.internal.reflect.DirectMethodHandleAccessor.invoke(DirectMethodHandleAccessor.java:103)
at java.base/java.lang.reflect.Method.invoke(Method.java:580)
at org.testng.internal.invokers.MethodInvocationHelper.invokeMethod(MethodInvocationHelper.java:141)
at org.testng.internal.invokers.TestInvoker.invokeMethod(TestInvoker.java:686)
at org.testng.internal.invokers.TestInvoker.invokeTestMethod(TestInvoker.java:230)
at org.testng.internal.invokers.MethodRunner.runInSequence(MethodRunner.java:63)
at org.testng.internal.invokers.TestInvoker$MethodInvocationAgent.invoke(TestInvoker.java:992)
at org.testng.internal.invokers.TestInvoker.invokeTestMethods(TestInvoker.java:203)
at org.testng.internal.invokers.TestMethodWorker.invokeTestMethods(TestMethodWorker.java:154)
at org.testng.internal.invokers.TestMethodWorker.run(TestMethodWorker.java:134)
at java.base/java.util.ArrayList.forEach(ArrayList.java:1596)
at org.testng.TestRunner.privateRun(TestRunner.java:739)
at org.testng.TestRunner.run(TestRunner.java:614)
at org.testng.SuiteRunner.runTest(SuiteRunner.java:421)
at org.testng.SuiteRunner.runSequentially(SuiteRunner.java:413)
at org.testng.SuiteRunner.privateRun(SuiteRunner.java:373)
at org.testng.SuiteRunner.run(SuiteRunner.java:312)
at org.testng.SuiteRunnerWorker.runSuite(SuiteRunnerWorker.java:52)
at org.testng.SuiteRunnerWorker.run(SuiteRunnerWorker.java:95)
at org.testng.TestNG.runSuitesSequentially(TestNG.java:1274)
at org.testng.TestNG.runSuitesLocally(TestNG.java:1208)
at org.testng.TestNG.runSuites(TestNG.java:1112)
at org.testng.TestNG.run(TestNG.java:1079)
at org.apache.maven.surefire.testng.TestNGExecutor.run(TestNGExecutor.java:155)
at org.apache.maven.surefire.testng.TestNGDirectoryTestSuite.executeMulti(TestNGDirectoryTestSuite.java:169)
at org.apache.maven.surefire.testng.TestNGDirectoryTestSuite.execute(TestNGDirectoryTestSuite.java:88)
at org.apache.maven.surefire.testng.TestNGProvider.invoke(TestNGProvider.java:137)
at org.apache.maven.surefire.booter.ForkedBooter.runSuitesInProcess(ForkedBooter.java:385)
at org.apache.maven.surefire.booter.ForkedBooter.execute(ForkedBooter.java:162)
at org.apache.maven.surefire.booter.ForkedBooter.run(ForkedBooter.java:507)
at org.apache.maven.surefire.booter.ForkedBooter.main(ForkedBooter.java:495)
]]>
            </full-stacktrace>
          </exception> <!-- java.lang.AssertionError -->
          <reporter-output>
          </reporter-output>
        </test-method> <!-- contactPageTitleTestFailed -->
        <test-method is-config="true" signature="teardown()[pri:0, instance:com.pta.qa.testcases.ContactPageTest@2362f559]" started-at="2025-01-02T19:15:46 IST" name="teardown" finished-at="2025-01-02T19:15:46 IST" duration-ms="176" status="PASS">
          <reporter-output>
          </reporter-output>
        </test-method> <!-- teardown -->
        <test-method is-config="true" signature="setup()[pri:0, instance:com.pta.qa.testcases.ContactPageTest@2362f559]" started-at="2025-01-02T19:15:46 IST" name="setup" finished-at="2025-01-02T19:15:55 IST" duration-ms="8850" status="PASS">
          <reporter-output>
          </reporter-output>
        </test-method> <!-- setup -->
        <test-method signature="contactLinkTest()[pri:3, instance:com.pta.qa.testcases.ContactPageTest@2362f559]" started-at="2025-01-02T19:15:55 IST" name="contactLinkTest" finished-at="2025-01-02T19:15:55 IST" duration-ms="237" status="PASS">
          <reporter-output>
          </reporter-output>
        </test-method> <!-- contactLinkTest -->
        <test-method is-config="true" signature="teardown()[pri:0, instance:com.pta.qa.testcases.ContactPageTest@2362f559]" started-at="2025-01-02T19:15:55 IST" name="teardown" finished-at="2025-01-02T19:15:55 IST" duration-ms="228" status="PASS">
          <reporter-output>
          </reporter-output>
        </test-method> <!-- teardown -->
        <test-method is-config="true" signature="setup()[pri:0, instance:com.pta.qa.testcases.ContactPageTest@2362f559]" started-at="2025-01-02T19:15:58 IST" name="setup" finished-at="2025-01-02T19:16:13 IST" duration-ms="14932" status="PASS">
          <reporter-output>
          </reporter-output>
        </test-method> <!-- setup -->
        <test-method signature="fillContactFormTest(java.lang.String,java.lang.String,java.lang.String,java.lang.String)[pri:4, instance:com.pta.qa.testcases.ContactPageTest@2362f559]" started-at="2025-01-02T19:16:13 IST" name="fillContactFormTest" data-provider="getPTATestData" finished-at="2025-01-02T19:16:16 IST" duration-ms="3161" status="PASS">
          <params>
            <param index="0">
              <value>
                <![CDATA[Test1]]>
              </value>
            </param>
            <param index="1">
              <value>
                <![CDATA[Test1]]>
              </value>
            </param>
            <param index="2">
              <value>
                <![CDATA[test1@test.com]]>
              </value>
            </param>
            <param index="3">
              <value>
                <![CDATA[Testing]]>
              </value>
            </param>
          </params>
          <reporter-output>
          </reporter-output>
        </test-method> <!-- fillContactFormTest -->
        <test-method is-config="true" signature="teardown()[pri:0, instance:com.pta.qa.testcases.ContactPageTest@2362f559]" started-at="2025-01-02T19:16:16 IST" name="teardown" finished-at="2025-01-02T19:16:16 IST" duration-ms="156" status="PASS">
          <reporter-output>
          </reporter-output>
        </test-method> <!-- teardown -->
        <test-method is-config="true" signature="setup()[pri:0, instance:com.pta.qa.testcases.ContactPageTest@2362f559]" started-at="2025-01-02T19:16:16 IST" name="setup" finished-at="2025-01-02T19:16:25 IST" duration-ms="8401" status="PASS">
          <reporter-output>
          </reporter-output>
        </test-method> <!-- setup -->
        <test-method signature="fillContactFormTest(java.lang.String,java.lang.String,java.lang.String,java.lang.String)[pri:4, instance:com.pta.qa.testcases.ContactPageTest@2362f559]" started-at="2025-01-02T19:16:25 IST" name="fillContactFormTest" data-provider="getPTATestData" finished-at="2025-01-02T19:16:26 IST" duration-ms="1924" status="PASS">
          <params>
            <param index="0">
              <value>
                <![CDATA[Test2]]>
              </value>
            </param>
            <param index="1">
              <value>
                <![CDATA[Test2]]>
              </value>
            </param>
            <param index="2">
              <value>
                <![CDATA[test2@test.com]]>
              </value>
            </param>
            <param index="3">
              <value>
                <![CDATA[Testing]]>
              </value>
            </param>
          </params>
          <reporter-output>
          </reporter-output>
        </test-method> <!-- fillContactFormTest -->
        <test-method is-config="true" signature="teardown()[pri:0, instance:com.pta.qa.testcases.ContactPageTest@2362f559]" started-at="2025-01-02T19:16:26 IST" name="teardown" finished-at="2025-01-02T19:16:27 IST" duration-ms="191" status="PASS">
          <reporter-output>
          </reporter-output>
        </test-method> <!-- teardown -->
        <test-method is-config="true" signature="setup()[pri:0, instance:com.pta.qa.testcases.ContactPageTest@2362f559]" started-at="2025-01-02T19:16:27 IST" name="setup" finished-at="2025-01-02T19:16:35 IST" duration-ms="7995" status="PASS">
          <reporter-output>
          </reporter-output>
        </test-method> <!-- setup -->
        <test-method signature="fillContactFormTest(java.lang.String,java.lang.String,java.lang.String,java.lang.String)[pri:4, instance:com.pta.qa.testcases.ContactPageTest@2362f559]" started-at="2025-01-02T19:16:35 IST" name="fillContactFormTest" data-provider="getPTATestData" finished-at="2025-01-02T19:16:36 IST" duration-ms="1649" status="PASS">
          <params>
            <param index="0">
              <value>
                <![CDATA[Test3]]>
              </value>
            </param>
            <param index="1">
              <value>
                <![CDATA[Test3]]>
              </value>
            </param>
            <param index="2">
              <value>
                <![CDATA[test3@test.com]]>
              </value>
            </param>
            <param index="3">
              <value>
                <![CDATA[Testing]]>
              </value>
            </param>
          </params>
          <reporter-output>
          </reporter-output>
        </test-method> <!-- fillContactFormTest -->
        <test-method is-config="true" signature="teardown()[pri:0, instance:com.pta.qa.testcases.ContactPageTest@2362f559]" started-at="2025-01-02T19:16:36 IST" name="teardown" finished-at="2025-01-02T19:16:36 IST" duration-ms="151" status="PASS">
          <reporter-output>
          </reporter-output>
        </test-method> <!-- teardown -->
        <test-method is-config="true" signature="reportClosure()[pri:0, instance:com.pta.qa.testcases.ContactPageTest@2362f559]" started-at="2025-01-02T19:17:42 IST" name="reportClosure" finished-at="2025-01-02T19:17:43 IST" duration-ms="717" status="PASS">
          <reporter-output>
          </reporter-output>
        </test-method> <!-- reportClosure -->
      </class> <!-- com.pta.qa.testcases.ContactPageTest -->
      <class name="com.pta.qa.testcases.CoursesPageTest">
        <test-method is-config="true" signature="setup()[pri:0, instance:com.pta.qa.testcases.CoursesPageTest@b2c9a9c]" started-at="2025-01-02T19:16:36 IST" name="setup" finished-at="2025-01-02T19:16:44 IST" duration-ms="7432" status="PASS">
          <reporter-output>
          </reporter-output>
        </test-method> <!-- setup -->
        <test-method signature="courcesPageTitleTest()[pri:1, instance:com.pta.qa.testcases.CoursesPageTest@b2c9a9c]" started-at="2025-01-02T19:16:44 IST" name="courcesPageTitleTest" finished-at="2025-01-02T19:16:44 IST" duration-ms="30" status="PASS">
          <reporter-output>
          </reporter-output>
        </test-method> <!-- courcesPageTitleTest -->
        <test-method is-config="true" signature="teardown()[pri:0, instance:com.pta.qa.testcases.CoursesPageTest@b2c9a9c]" started-at="2025-01-02T19:16:44 IST" name="teardown" finished-at="2025-01-02T19:16:44 IST" duration-ms="151" status="PASS">
          <reporter-output>
          </reporter-output>
        </test-method> <!-- teardown -->
        <test-method is-config="true" signature="setup()[pri:0, instance:com.pta.qa.testcases.CoursesPageTest@b2c9a9c]" started-at="2025-01-02T19:16:44 IST" name="setup" finished-at="2025-01-02T19:16:50 IST" duration-ms="6400" status="PASS">
          <reporter-output>
          </reporter-output>
        </test-method> <!-- setup -->
        <test-method signature="coursesLinkTest()[pri:2, instance:com.pta.qa.testcases.CoursesPageTest@b2c9a9c]" started-at="2025-01-02T19:16:50 IST" name="coursesLinkTest" finished-at="2025-01-02T19:16:51 IST" duration-ms="125" status="PASS">
          <reporter-output>
          </reporter-output>
        </test-method> <!-- coursesLinkTest -->
        <test-method is-config="true" signature="teardown()[pri:0, instance:com.pta.qa.testcases.CoursesPageTest@b2c9a9c]" started-at="2025-01-02T19:16:51 IST" name="teardown" finished-at="2025-01-02T19:16:51 IST" duration-ms="197" status="PASS">
          <reporter-output>
          </reporter-output>
        </test-method> <!-- teardown -->
      </class> <!-- com.pta.qa.testcases.CoursesPageTest -->
    </test> <!-- Surefire test -->
  </suite> <!-- Surefire suite -->
</testng-results>
